This file contains any messages produced by compilers while
running configure, to aid debugging if configure makes a mistake.

It was created by curl configure -, which was
generated by GNU Autoconf 2.67.  Invocation command line was

  $ /home/pratik/work/android/android-ndk-r4b//apps/curljni/project/jni/curl/configure --disable-tftp --disable-sspi --disable-ipv6 --disable-ldaps --disable-ldap --disable-telnet --disable-pop3 --disable-ftp --with-ssl=/home/pratik/work/android/droid/external/openssl --disable-imap --disable-smtp --disable-pop3 --disable-rtsp --disable-ares --disable-gopher --disable-dict --disable-file --without-ca-bundle --disable-manual --without-nss --with-zlib=/home/pratik/work/android/droid/external/zlib --without-random --enable-shared=no --host=arm-linux CC=arm-eabi-gcc CPPFLAGS=-I/home/pratik/work/android/android-ndk-r4b//build/platforms/android-5/arch-arm/usr/include/ CFLAGS=-nostdlib LDFLAGS=-Wl,-rpath-link=/home/pratik/work/android/android-ndk-r4b//build/platforms/android-5/arch-arm/usr/lib/ -L/home/pratik/work/android/android-ndk-r4b//build/platforms/android-5/arch-arm/usr/lib/ LIBS=-lc -lz

## --------- ##
## Platform. ##
## --------- ##

hostname = non-conformist
uname -m = i686
uname -r = 2.6.35-22-generic
uname -s = Linux
uname -v = #33-Ubuntu SMP Sun Sep 19 20:34:50 UTC 2010

/usr/bin/uname -p = unknown
/bin/uname -X     = unknown

/bin/arch              = unknown
/usr/bin/arch -k       = unknown
/usr/convex/getsysinfo = unknown
/usr/bin/hostinfo      = unknown
/bin/machine           = unknown
/usr/bin/oslevel       = unknown
/bin/universe          = unknown

PATH: /home/pratik/work/android/android-ndk-r4b//build/prebuilt/linux-x86/arm-eabi-4.4.0/bin/
PATH: /home/pratik/bin
PATH: /home/pratik/bin
PATH: /home/pratik/.rvm/bin
PATH: /home/pratik/bin
PATH: /usr/local/sbin
PATH: /usr/local/bin
PATH: /usr/sbin
PATH: /usr/bin
PATH: /sbin
PATH: /bin
PATH: /usr/games
PATH: /home/pratik/work/android/android-sdk-linux_x86/tools
PATH: /opt/awm/bin
PATH: /opt/awm/sbin
PATH: /opt/GCALDaemon/bin
PATH: /home/pratik/bin/depot_tools
PATH: /usr/lib/ruby1.9/gems/1.9.0/gems/railties-3.0.0.beta/bin
PATH: /home/pratik/work/android/android-sdk-linux_x86/tools
PATH: /opt/awm/bin
PATH: /opt/awm/sbin
PATH: /opt/GCALDaemon/bin
PATH: /home/pratik/bin/depot_tools
PATH: /usr/lib/ruby1.9/gems/1.9.0/gems/railties-3.0.0.beta/bin
PATH: /home/pratik/work/android/android-sdk-linux_x86/tools
PATH: /opt/awm/bin
PATH: /opt/awm/sbin
PATH: /opt/GCALDaemon/bin
PATH: /home/pratik/bin/depot_tools
PATH: /usr/lib/ruby1.9/gems/1.9.0/gems/railties-3.0.0.beta/bin


## ----------- ##
## Core tests. ##
## ----------- ##

configure:2802: checking whether to enable maintainer-specific portions of Makefiles
configure:2811: result: no
configure:2828: checking whether to enable debug build options
configure:2847: result: no
configure:2851: checking whether to enable compiler optimizer
configure:2872: result: (assumed) yes
configure:2884: checking whether to enable strict compiler warnings
configure:2903: result: no
configure:2907: checking whether to enable compiler warnings as errors
configure:2926: result: no
configure:2930: checking whether to enable curl debug memory tracking
configure:2949: result: no
configure:2963: checking whether to enable c-ares for DNS lookups
configure:2985: result: no
configure:3007: checking for sed
configure:3026: found /bin/sed
configure:3039: result: /bin/sed
configure:3056: checking for grep
configure:3075: found /bin/grep
configure:3088: result: /bin/grep
configure:3104: checking for egrep
configure:3107: result: /bin/grep -E
configure:3163: checking for arm-linux-ar
configure:3197: result: no
configure:3207: checking for ar
configure:3226: found /usr/bin/ar
configure:3238: result: /usr/bin/ar
configure:3317: checking for a BSD-compatible install
configure:3385: result: /usr/bin/install -c
configure:3396: checking whether build environment is sane
configure:3433: result: yes
configure:3495: checking for gawk
configure:3511: found /usr/bin/gawk
configure:3522: result: gawk
configure:3533: checking whether make sets $(MAKE)
configure:3555: result: yes
configure:3576: error: source directory already configured; run "make distclean" there first

## ---------------- ##
## Cache variables. ##
## ---------------- ##

ac_cv_env_CC_set=set
ac_cv_env_CC_value=arm-eabi-gcc
ac_cv_env_CFLAGS_set=set
ac_cv_env_CFLAGS_value=-nostdlib
ac_cv_env_CPPFLAGS_set=set
ac_cv_env_CPPFLAGS_value=-I/home/pratik/work/android/android-ndk-r4b//build/platforms/android-5/arch-arm/usr/include/
ac_cv_env_CPP_set=
ac_cv_env_CPP_value=
ac_cv_env_LDFLAGS_set=set
ac_cv_env_LDFLAGS_value='-Wl,-rpath-link=/home/pratik/work/android/android-ndk-r4b//build/platforms/android-5/arch-arm/usr/lib/ -L/home/pratik/work/android/android-ndk-r4b//build/platforms/android-5/arch-arm/usr/lib/'
ac_cv_env_LIBS_set=set
ac_cv_env_LIBS_value='-lc -lz'
ac_cv_env_build_alias_set=
ac_cv_env_build_alias_value=
ac_cv_env_host_alias_set=set
ac_cv_env_host_alias_value=arm-linux
ac_cv_env_target_alias_set=
ac_cv_env_target_alias_value=
ac_cv_path_GREP=/bin/grep
ac_cv_path_SED=/bin/sed
ac_cv_path_ac_pt_AR=/usr/bin/ar
ac_cv_path_install='/usr/bin/install -c'
ac_cv_prog_AWK=gawk
ac_cv_prog_make_make_set=yes
curl_cv_PATH_SEPARATOR=:

## ----------------- ##
## Output variables. ##
## ----------------- ##

ACLOCAL=''
AMDEPBACKSLASH=''
AMDEP_FALSE=''
AMDEP_TRUE=''
AMTAR=''
AR='/usr/bin/ar'
AS=''
AUTOCONF=''
AUTOHEADER=''
AUTOMAKE=''
AWK='gawk'
BUILD_LIBHOSTNAME_FALSE=''
BUILD_LIBHOSTNAME_TRUE=''
CC='arm-eabi-gcc'
CCDEPMODE=''
CFLAGS='-nostdlib'
CONFIGURE_OPTIONS='" '\''--disable-tftp'\'' '\''--disable-sspi'\'' '\''--disable-ipv6'\'' '\''--disable-ldaps'\'' '\''--disable-ldap'\'' '\''--disable-telnet'\'' '\''--disable-ftp'\'' '\''--with-ssl=/home/pratik/work/android/droid/external/openssl'\'' '\''--disable-imap'\'' '\''--disable-smtp'\'' '\''--disable-pop3'\'' '\''--disable-rtsp'\'' '\''--disable-ares'\'' '\''--disable-gopher'\'' '\''--disable-dict'\'' '\''--disable-file'\'' '\''--without-ca-bundle'\'' '\''--disable-manual'\'' '\''--without-nss'\'' '\''--with-zlib=/home/pratik/work/android/droid/external/zlib'\'' '\''--without-random'\'' '\''--enable-shared=no'\'' '\''--host=arm-linux'\'' '\''CC=arm-eabi-gcc'\'' '\''CPPFLAGS=-I/home/pratik/work/android/android-ndk-r4b//build/platforms/android-5/arch-arm/usr/include/'\'' '\''CFLAGS=-nostdlib'\'' '\''LDFLAGS=-Wl,-rpath-link=/home/pratik/work/android/android-ndk-r4b//build/platforms/android-5/arch-arm/usr/lib/ -L/home/pratik/work/android/android-ndk-r4b//build/platforms/android-5/arch-arm/usr/lib/'\'' '\''LIBS=-lc -lz'\'' '\''host_alias=arm-linux'\''"'
CPP=''
CPPFLAGS='-I/home/pratik/work/android/android-ndk-r4b//build/platforms/android-5/arch-arm/usr/include/'
CROSSCOMPILING_FALSE=''
CROSSCOMPILING_TRUE=''
CURLDEBUG_FALSE=''
CURLDEBUG_TRUE=''
CURL_CA_BUNDLE=''
CURL_CFLAG_EXTRAS=''
CURL_DISABLE_DICT=''
CURL_DISABLE_FILE=''
CURL_DISABLE_FTP=''
CURL_DISABLE_GOPHER=''
CURL_DISABLE_HTTP=''
CURL_DISABLE_IMAP=''
CURL_DISABLE_LDAP=''
CURL_DISABLE_LDAPS=''
CURL_DISABLE_POP3=''
CURL_DISABLE_PROXY=''
CURL_DISABLE_RTSP=''
CURL_DISABLE_SMTP=''
CURL_DISABLE_TELNET=''
CURL_DISABLE_TFTP=''
CURL_LIBS=''
CURL_NETWORK_LIBS=''
CYGPATH_W=''
DEFS=''
DEPDIR=''
DLLTOOL=''
DSYMUTIL=''
DUMPBIN=''
ECHO_C=''
ECHO_N='-n'
ECHO_T=''
EGREP='/bin/grep -E'
ENABLE_SHARED=''
EXEEXT=''
FGREP=''
GREP='/bin/grep'
HAVE_LDAP_SSL=''
HAVE_LIBZ=''
HAVE_LIBZ_FALSE=''
HAVE_LIBZ_TRUE=''
HAVE_PK11_CREATEGENERICOBJECT=''
IDN_ENABLED=''
INSTALL_DATA='${INSTALL} -m 644'
INSTALL_PROGRAM='${INSTALL}'
INSTALL_SCRIPT='${INSTALL}'
INSTALL_STRIP_PROGRAM=''
IPV6_ENABLED=''
KRB4_ENABLED=''
LD=''
LDFLAGS='-Wl,-rpath-link=/home/pratik/work/android/android-ndk-r4b//build/platforms/android-5/arch-arm/usr/lib/ -L/home/pratik/work/android/android-ndk-r4b//build/platforms/android-5/arch-arm/usr/lib/'
LIBCURL_LIBS=''
LIBOBJS=''
LIBS='-lc -lz'
LIBTOOL=''
LIPO=''
LN_S=''
LTLIBOBJS=''
MAINT='#'
MAINTAINER_MODE_FALSE=''
MAINTAINER_MODE_TRUE='#'
MAKEINFO=''
MANOPT=''
MIMPURE_FALSE=''
MIMPURE_TRUE=''
NM=''
NMEDIT=''
NO_UNDEFINED_FALSE=''
NO_UNDEFINED_TRUE=''
NROFF=''
OBJDUMP=''
OBJEXT=''
OTOOL64=''
OTOOL=''
PACKAGE=''
PACKAGE_BUGREPORT='a suitable curl mailing list: http://curl.haxx.se/mail/'
PACKAGE_NAME='curl'
PACKAGE_STRING='curl -'
PACKAGE_TARNAME='curl'
PACKAGE_URL=''
PACKAGE_VERSION='-'
PATH='/home/pratik/work/android/android-ndk-r4b//build/prebuilt/linux-x86/arm-eabi-4.4.0/bin/:/home/pratik/bin:/home/pratik/bin:/home/pratik/.rvm/bin:/home/pratik/bin:/usr/local/sbin:/usr/local/bin:/usr/sbin:/usr/bin:/sbin:/bin:/usr/games:/home/pratik/work/android/android-sdk-linux_x86/tools:/opt/awm/bin:/opt/awm/sbin:/opt/GCALDaemon/bin:/home/pratik/bin/depot_tools:/usr/lib/ruby1.9/gems/1.9.0/gems/railties-3.0.0.beta/bin:/home/pratik/work/android/android-sdk-linux_x86/tools:/opt/awm/bin:/opt/awm/sbin:/opt/GCALDaemon/bin:/home/pratik/bin/depot_tools:/usr/lib/ruby1.9/gems/1.9.0/gems/railties-3.0.0.beta/bin:/home/pratik/work/android/android-sdk-linux_x86/tools:/opt/awm/bin:/opt/awm/sbin:/opt/GCALDaemon/bin:/home/pratik/bin/depot_tools:/usr/lib/ruby1.9/gems/1.9.0/gems/railties-3.0.0.beta/bin'
PATH_SEPARATOR=':'
PERL=''
PKGADD_NAME=''
PKGADD_PKG=''
PKGADD_VENDOR=''
PKGCONFIG=''
RANDOM_FILE=''
RANLIB=''
REQUIRE_LIB_DEPS=''
SED='/bin/sed'
SET_MAKE=''
SHELL='/bin/bash'
SONAME_BUMP_FALSE=''
SONAME_BUMP_TRUE=''
SSL_ENABLED=''
STATICLIB_FALSE=''
STATICLIB_TRUE=''
STRIP=''
SUPPORT_FEATURES=''
SUPPORT_PROTOCOLS=''
TEST_SERVER_LIBS=''
USE_ARES=''
USE_EMBEDDED_ARES_FALSE=''
USE_EMBEDDED_ARES_TRUE=''
USE_GNUTLS=''
USE_LIBRTMP=''
USE_LIBSSH2=''
USE_MANUAL_FALSE=''
USE_MANUAL_TRUE=''
USE_NSS=''
USE_OPENLDAP=''
USE_POLARSSL=''
USE_SSLEAY=''
USE_WINDOWS_SSPI=''
VERSION='7.21.2'
VERSIONNUM=''
ac_ct_CC=''
ac_ct_DUMPBIN=''
am__fastdepCC_FALSE=''
am__fastdepCC_TRUE=''
am__include=''
am__leading_dot='.'
am__quote=''
am__tar=''
am__untar=''
bindir='${exec_prefix}/bin'
build=''
build_alias=''
build_cpu=''
build_os=''
build_vendor=''
datadir='${datarootdir}'
datarootdir='${prefix}/share'
docdir='${datarootdir}/doc/${PACKAGE_TARNAME}'
dvidir='${docdir}'
exec_prefix='NONE'
host='arm-linux'
host_alias='arm-linux'
host_cpu=''
host_os=''
host_vendor=''
htmldir='${docdir}'
includedir='${prefix}/include'
infodir='${datarootdir}/info'
install_sh=''
libdir='${exec_prefix}/lib'
libexecdir='${exec_prefix}/libexec'
libext=''
localedir='${datarootdir}/locale'
localstatedir='${prefix}/var'
lt_ECHO='echo'
mandir='${datarootdir}/man'
mkdir_p='mkdir -p --'
oldincludedir='/usr/include'
pdfdir='${docdir}'
prefix='NONE'
program_transform_name='s,x,x,'
psdir='${docdir}'
sbindir='${exec_prefix}/sbin'
sharedstatedir='${prefix}/com'
subdirs=''
sysconfdir='${prefix}/etc'
target_alias=''

## ----------- ##
## confdefs.h. ##
## ----------- ##

/* confdefs.h */
#define PACKAGE_NAME "curl"
#define PACKAGE_TARNAME "curl"
#define PACKAGE_VERSION "-"
#define PACKAGE_STRING "curl -"
#define PACKAGE_BUGREPORT "a suitable curl mailing list: http://curl.haxx.se/mail/"
#define PACKAGE_URL ""

configure: exit 1
