This file contains any messages produced by compilers while
running configure, to aid debugging if configure makes a mistake.

It was created by configure, which was
generated by GNU Autoconf 2.61.  Invocation command line was

  $ /home/pratik/work/android/android-ndk-r4b//apps/adsenseclient/project/jni/mxml/configure --enable-shared=no --enable-threads=no --host=arm-linux CC=arm-eabi-gcc CPPFLAGS=-I/home/pratik/work/android/android-ndk-r4b//build/platforms/android-5/arch-arm/usr/include/ CFLAGS=-nostdlib LDFLAGS=-Wl,-rpath-link=/home/pratik/work/android/android-ndk-r4b//build/platforms/android-5/arch-arm/usr/lib/ -L/home/pratik/work/android/android-ndk-r4b//build/platforms/android-5/arch-arm/usr/lib/ LIBS=-lc

## --------- ##
## Platform. ##
## --------- ##

hostname = non-conformist
uname -m = i686
uname -r = 2.6.35-22-generic
uname -s = Linux
uname -v = #33-Ubuntu SMP Sun Sep 19 20:34:50 UTC 2010

/usr/bin/uname -p = unknown
/bin/uname -X     = unknown

/bin/arch              = unknown
/usr/bin/arch -k       = unknown
/usr/convex/getsysinfo = unknown
/usr/bin/hostinfo      = unknown
/bin/machine           = unknown
/usr/bin/oslevel       = unknown
/bin/universe          = unknown

PATH: /home/pratik/work/android/android-ndk-r4b//build/prebuilt/linux-x86/arm-eabi-4.4.0/bin/
PATH: /home/pratik/.rvm/bin
PATH: /home/pratik/bin
PATH: /usr/local/sbin
PATH: /usr/local/bin
PATH: /usr/sbin
PATH: /usr/bin
PATH: /sbin
PATH: /bin
PATH: /usr/games
PATH: /home/pratik/work/android/android-sdk-linux_x86/tools
PATH: /opt/awm/bin
PATH: /opt/awm/sbin
PATH: /opt/GCALDaemon/bin
PATH: /home/pratik/bin/depot_tools
PATH: /usr/lib/ruby1.9/gems/1.9.0/gems/railties-3.0.0.beta/bin


## ----------- ##
## Core tests. ##
## ----------- ##

configure:1795: checking for arm-linux-gcc
configure:1822: result: arm-eabi-gcc
configure:2100: checking for C compiler version
configure:2107: arm-eabi-gcc --version >&5
arm-eabi-gcc (GCC) 4.4.0
Copyright (C) 2009 Free Software Foundation, Inc.
This is free software; see the source for copying conditions.  There is NO
warranty; not even for MERCHANTABILITY or FITNESS FOR A PARTICULAR PURPOSE.

configure:2110: $? = 0
configure:2117: arm-eabi-gcc -v >&5
Using built-in specs.
Target: arm-eabi
Configured with: /tmp/xsrc/build/../gcc/gcc-4.4.0/configure --prefix=/tmp/xndk/build/prebuilt/linux-x86/arm-eabi-4.4.0 --target=arm-eabi --host=x86_64-unknown-linux-gnu --build=x86_64-unknown-linux-gnu --enable-languages=c,c++ --with-gmp=/tmp/ndk-prebuilt-939/toolchain-arm-eabi-4.4.0/temp-install --with-mpfr=/tmp/ndk-prebuilt-939/toolchain-arm-eabi-4.4.0/temp-install --disable-libssp --enable-threads --disable-nls --disable-libmudflap --disable-libgomp --disable-libstdc__-v3 --disable-sjlj-exceptions --disable-shared --disable-tls --with-float=soft --with-fpu=vfp --with-arch=armv5te --enable-target-optspace --with-abi=aapcs --disable-nls --prefix=/tmp/xndk/build/prebuilt/linux-x86/arm-eabi-4.4.0 --with-sysroot=/opt/digit/repo/froyo/ndk/build/platforms/android-3/arch-arm --with-binutils-version=2.19 --with-gcc-version=4.4.0 --with-gdb-version=6.6 --program-transform-name='s&^&arm-eabi-&'
Thread model: single
gcc version 4.4.0 (GCC) 
configure:2120: $? = 0
configure:2127: arm-eabi-gcc -V >&5
arm-eabi-gcc: '-V' option must have argument
configure:2130: $? = 1
configure:2153: checking for C compiler default output file name
configure:2180: arm-eabi-gcc -nostdlib -I/home/pratik/work/android/android-ndk-r4b//build/platforms/android-5/arch-arm/usr/include/ -Wl,-rpath-link=/home/pratik/work/android/android-ndk-r4b//build/platforms/android-5/arch-arm/usr/lib/ -L/home/pratik/work/android/android-ndk-r4b//build/platforms/android-5/arch-arm/usr/lib/ conftest.c -lc >&5
/home/pratik/work/android/android-ndk-r4b/build/prebuilt/linux-x86/arm-eabi-4.4.0/bin/../lib/gcc/arm-eabi/4.4.0/../../../../arm-eabi/bin/ld: warning: cannot find entry symbol _start; defaulting to 00008278
configure:2183: $? = 0
configure:2221: result: a.out
configure:2238: checking whether the C compiler works
configure:2248: ./a.out
/home/pratik/work/android/android-ndk-r4b//apps/adsenseclient/project/jni/mxml/configure: line 2249: ./a.out: cannot execute binary file
configure:2251: $? = 126
configure:2268: result: yes
configure:2275: checking whether we are cross compiling
configure:2277: result: yes
configure:2280: checking for suffix of executables
configure:2287: arm-eabi-gcc -o conftest -nostdlib -I/home/pratik/work/android/android-ndk-r4b//build/platforms/android-5/arch-arm/usr/include/ -Wl,-rpath-link=/home/pratik/work/android/android-ndk-r4b//build/platforms/android-5/arch-arm/usr/lib/ -L/home/pratik/work/android/android-ndk-r4b//build/platforms/android-5/arch-arm/usr/lib/ conftest.c -lc >&5
/home/pratik/work/android/android-ndk-r4b/build/prebuilt/linux-x86/arm-eabi-4.4.0/bin/../lib/gcc/arm-eabi/4.4.0/../../../../arm-eabi/bin/ld: warning: cannot find entry symbol _start; defaulting to 00008278
configure:2290: $? = 0
configure:2314: result: 
configure:2320: checking for suffix of object files
configure:2346: arm-eabi-gcc -c -nostdlib -I/home/pratik/work/android/android-ndk-r4b//build/platforms/android-5/arch-arm/usr/include/ conftest.c >&5
configure:2349: $? = 0
configure:2372: result: o
configure:2376: checking whether we are using the GNU C compiler
configure:2405: arm-eabi-gcc -c -nostdlib -I/home/pratik/work/android/android-ndk-r4b//build/platforms/android-5/arch-arm/usr/include/ conftest.c >&5
configure:2411: $? = 0
configure:2428: result: yes
configure:2433: checking whether arm-eabi-gcc accepts -g
configure:2463: arm-eabi-gcc -c -g -I/home/pratik/work/android/android-ndk-r4b//build/platforms/android-5/arch-arm/usr/include/ conftest.c >&5
configure:2469: $? = 0
configure:2568: result: yes
configure:2585: checking for arm-eabi-gcc option to accept ISO C89
configure:2659: arm-eabi-gcc  -c -nostdlib -I/home/pratik/work/android/android-ndk-r4b//build/platforms/android-5/arch-arm/usr/include/ conftest.c >&5
configure:2665: $? = 0
configure:2688: result: none needed
configure:2720: checking for arm-linux-g++
configure:2750: result: no
configure:2720: checking for arm-linux-c++
configure:2750: result: no
configure:2720: checking for arm-linux-gpp
configure:2750: result: no
configure:2720: checking for arm-linux-aCC
configure:2750: result: no
configure:2720: checking for arm-linux-CC
configure:2750: result: no
configure:2720: checking for arm-linux-cxx
configure:2750: result: no
configure:2720: checking for arm-linux-cc++
configure:2750: result: no
configure:2720: checking for arm-linux-cl.exe
configure:2750: result: no
configure:2720: checking for arm-linux-FCC
configure:2750: result: no
configure:2720: checking for arm-linux-KCC
configure:2750: result: no
configure:2720: checking for arm-linux-RCC
configure:2750: result: no
configure:2720: checking for arm-linux-xlC_r
configure:2750: result: no
configure:2720: checking for arm-linux-xlC
configure:2750: result: no
configure:2764: checking for g++
configure:2780: found /usr/bin/g++
configure:2791: result: g++
configure:2809: WARNING: In the future, Autoconf will not detect cross-tools
whose name does not start with the host triplet.  If you think this
configuration is useful to you, please write to autoconf@gnu.org.
configure:2822: checking for C++ compiler version
configure:2829: g++ --version >&5
g++ (Ubuntu/Linaro 4.4.4-14ubuntu5) 4.4.5
Copyright (C) 2010 Free Software Foundation, Inc.
This is free software; see the source for copying conditions.  There is NO
warranty; not even for MERCHANTABILITY or FITNESS FOR A PARTICULAR PURPOSE.

configure:2832: $? = 0
configure:2839: g++ -v >&5
Using built-in specs.
Target: i686-linux-gnu
Configured with: ../src/configure -v --with-pkgversion='Ubuntu/Linaro 4.4.4-14ubuntu5' --with-bugurl=file:///usr/share/doc/gcc-4.4/README.Bugs --enable-languages=c,c++,fortran,objc,obj-c++ --prefix=/usr --program-suffix=-4.4 --enable-shared --enable-multiarch --enable-linker-build-id --with-system-zlib --libexecdir=/usr/lib --without-included-gettext --enable-threads=posix --with-gxx-include-dir=/usr/include/c++/4.4 --libdir=/usr/lib --enable-nls --with-sysroot=/ --enable-clocale=gnu --enable-libstdcxx-debug --enable-objc-gc --enable-targets=all --disable-werror --with-arch-32=i686 --with-tune=generic --enable-checking=release --build=i686-linux-gnu --host=i686-linux-gnu --target=i686-linux-gnu
Thread model: posix
gcc version 4.4.5 (Ubuntu/Linaro 4.4.4-14ubuntu5) 
configure:2842: $? = 0
configure:2849: g++ -V >&5
g++: '-V' option must have argument
configure:2852: $? = 1
configure:2855: checking whether we are using the GNU C++ compiler
configure:2884: g++ -c  -I/home/pratik/work/android/android-ndk-r4b//build/platforms/android-5/arch-arm/usr/include/ conftest.cpp >&5
configure:2890: $? = 0
configure:2907: result: yes
configure:2912: checking whether g++ accepts -g
configure:2942: g++ -c -g -I/home/pratik/work/android/android-ndk-r4b//build/platforms/android-5/arch-arm/usr/include/ conftest.cpp >&5
configure:2948: $? = 0
configure:3047: result: yes
configure:3114: checking for a BSD-compatible install
configure:3170: result: /usr/bin/install -c
configure:3188: checking for arm-linux-ranlib
configure:3218: result: no
configure:3228: checking for ranlib
configure:3244: found /usr/bin/ranlib
configure:3255: result: ranlib
configure:3283: checking for ar
configure:3301: found /usr/bin/ar
configure:3313: result: /usr/bin/ar
configure:3323: checking for cp
configure:3341: found /bin/cp
configure:3353: result: /bin/cp
configure:3363: checking for ln
configure:3381: found /bin/ln
configure:3393: result: /bin/ln
configure:3403: checking for mkdir
configure:3421: found /bin/mkdir
configure:3433: result: /bin/mkdir
configure:3443: checking for rm
configure:3461: found /bin/rm
configure:3473: result: /bin/rm
configure:3494: checking for inline
configure:3520: arm-eabi-gcc -c -nostdlib -I/home/pratik/work/android/android-ndk-r4b//build/platforms/android-5/arch-arm/usr/include/ conftest.c >&5
configure:3526: $? = 0
configure:3544: result: inline
configure:3569: checking for strdup
configure:3625: arm-eabi-gcc -o conftest -nostdlib -I/home/pratik/work/android/android-ndk-r4b//build/platforms/android-5/arch-arm/usr/include/ -Wl,-rpath-link=/home/pratik/work/android/android-ndk-r4b//build/platforms/android-5/arch-arm/usr/lib/ -L/home/pratik/work/android/android-ndk-r4b//build/platforms/android-5/arch-arm/usr/lib/ conftest.c -lc >&5
conftest.c:32: warning: conflicting types for built-in function 'strdup'
/home/pratik/work/android/android-ndk-r4b/build/prebuilt/linux-x86/arm-eabi-4.4.0/bin/../lib/gcc/arm-eabi/4.4.0/../../../../arm-eabi/bin/ld: warning: cannot find entry symbol _start; defaulting to 000082bc
configure:3631: $? = 0
configure:3649: result: yes
configure:3667: checking for snprintf
configure:3723: arm-eabi-gcc -o conftest -nostdlib -I/home/pratik/work/android/android-ndk-r4b//build/platforms/android-5/arch-arm/usr/include/ -Wl,-rpath-link=/home/pratik/work/android/android-ndk-r4b//build/platforms/android-5/arch-arm/usr/lib/ -L/home/pratik/work/android/android-ndk-r4b//build/platforms/android-5/arch-arm/usr/lib/ conftest.c -lc >&5
conftest.c:33: warning: conflicting types for built-in function 'snprintf'
/home/pratik/work/android/android-ndk-r4b/build/prebuilt/linux-x86/arm-eabi-4.4.0/bin/../lib/gcc/arm-eabi/4.4.0/../../../../arm-eabi/bin/ld: warning: cannot find entry symbol _start; defaulting to 000082c0
configure:3729: $? = 0
configure:3747: result: yes
configure:3667: checking for vsnprintf
configure:3723: arm-eabi-gcc -o conftest -nostdlib -I/home/pratik/work/android/android-ndk-r4b//build/platforms/android-5/arch-arm/usr/include/ -Wl,-rpath-link=/home/pratik/work/android/android-ndk-r4b//build/platforms/android-5/arch-arm/usr/lib/ -L/home/pratik/work/android/android-ndk-r4b//build/platforms/android-5/arch-arm/usr/lib/ conftest.c -lc >&5
conftest.c:34: warning: conflicting types for built-in function 'vsnprintf'
/home/pratik/work/android/android-ndk-r4b/build/prebuilt/linux-x86/arm-eabi-4.4.0/bin/../lib/gcc/arm-eabi/4.4.0/../../../../arm-eabi/bin/ld: warning: cannot find entry symbol _start; defaulting to 000082c0
configure:3729: $? = 0
configure:3747: result: yes
configure:3759: checking for long long int
configure:3810: result: yes
configure:4952: creating ./config.status

## ---------------------- ##
## Running config.status. ##
## ---------------------- ##

This file was extended by config.status, which was
generated by GNU Autoconf 2.61.  Invocation command line was

  CONFIG_FILES    = 
  CONFIG_HEADERS  = 
  CONFIG_LINKS    = 
  CONFIG_COMMANDS = 
  $ ./config.status 

on non-conformist

config.status:618: creating Makefile
config.status:618: creating mxml.list
config.status:618: creating mxml.pc
config.status:618: creating config.h

## ---------------- ##
## Cache variables. ##
## ---------------- ##

ac_cv_c_compiler_gnu=yes
ac_cv_c_inline=inline
ac_cv_c_long_long=yes
ac_cv_cxx_compiler_gnu=yes
ac_cv_env_CCC_set=
ac_cv_env_CCC_value=
ac_cv_env_CC_set=set
ac_cv_env_CC_value=arm-eabi-gcc
ac_cv_env_CFLAGS_set=set
ac_cv_env_CFLAGS_value=-nostdlib
ac_cv_env_CPPFLAGS_set=set
ac_cv_env_CPPFLAGS_value=-I/home/pratik/work/android/android-ndk-r4b//build/platforms/android-5/arch-arm/usr/include/
ac_cv_env_CPP_set=
ac_cv_env_CPP_value=
ac_cv_env_CXXFLAGS_set=
ac_cv_env_CXXFLAGS_value=
ac_cv_env_CXX_set=
ac_cv_env_CXX_value=
ac_cv_env_LDFLAGS_set=set
ac_cv_env_LDFLAGS_value='-Wl,-rpath-link=/home/pratik/work/android/android-ndk-r4b//build/platforms/android-5/arch-arm/usr/lib/ -L/home/pratik/work/android/android-ndk-r4b//build/platforms/android-5/arch-arm/usr/lib/'
ac_cv_env_LIBS_set=set
ac_cv_env_LIBS_value=-lc
ac_cv_env_build_alias_set=
ac_cv_env_build_alias_value=
ac_cv_env_host_alias_set=set
ac_cv_env_host_alias_value=arm-linux
ac_cv_env_target_alias_set=
ac_cv_env_target_alias_value=
ac_cv_func_snprintf=yes
ac_cv_func_strdup=yes
ac_cv_func_vsnprintf=yes
ac_cv_objext=o
ac_cv_path_AR=/usr/bin/ar
ac_cv_path_CP=/bin/cp
ac_cv_path_LN=/bin/ln
ac_cv_path_MKDIR=/bin/mkdir
ac_cv_path_RM=/bin/rm
ac_cv_path_install='/usr/bin/install -c'
ac_cv_prog_CC=arm-eabi-gcc
ac_cv_prog_ac_ct_CXX=g++
ac_cv_prog_ac_ct_RANLIB=ranlib
ac_cv_prog_cc_c89=
ac_cv_prog_cc_g=yes
ac_cv_prog_cxx_g=yes

## ----------------- ##
## Output variables. ##
## ----------------- ##

AR='/usr/bin/ar'
ARCHFLAGS=''
ARFLAGS='crvs'
CC='arm-eabi-gcc'
CFLAGS='-Wall -nostdlib'
CP='/bin/cp'
CPP=''
CPPFLAGS='-I/home/pratik/work/android/android-ndk-r4b//build/platforms/android-5/arch-arm/usr/include/'
CXX='g++'
CXXFLAGS=''
DEFS='-DHAVE_CONFIG_H'
DSO=':'
DSOFLAGS=''
ECHO_C=''
ECHO_N='-n'
ECHO_T=''
EGREP=''
EXEEXT=''
GREP=''
INSTALL_DATA='${INSTALL} -m 644'
INSTALL_PROGRAM='${INSTALL}'
INSTALL_SCRIPT='${INSTALL}'
LDFLAGS='-Wl,-rpath-link=/home/pratik/work/android/android-ndk-r4b//build/platforms/android-5/arch-arm/usr/lib/ -L/home/pratik/work/android/android-ndk-r4b//build/platforms/android-5/arch-arm/usr/lib/'
LIBMXML='libmxml.a'
LIBOBJS=''
LIBS='-lc'
LN='/bin/ln'
LTLIBOBJS=''
MKDIR='/bin/mkdir'
OBJEXT='o'
OPTIM='-Os -g'
PACKAGE_BUGREPORT=''
PACKAGE_NAME=''
PACKAGE_STRING=''
PACKAGE_TARNAME=''
PACKAGE_VERSION=''
PATH_SEPARATOR=':'
PC_CFLAGS='-I${prefix}/include'
PC_LIBS='-L${exec_prefix}/lib -lmxml'
PICFLAG='0'
PTHREAD_FLAGS=''
PTHREAD_LIBS=''
RANLIB='ranlib'
RM='/bin/rm'
SHELL='/bin/bash'
VERSION='2.6'
ac_ct_CC=''
ac_ct_CXX='g++'
bindir='${exec_prefix}/bin'
build_alias=''
datadir='${datarootdir}'
datarootdir='${prefix}/share'
docdir='${datarootdir}/doc/mxml'
dvidir='${docdir}'
exec_prefix='/usr/local'
host_alias='arm-linux'
htmldir='${docdir}'
includedir='${prefix}/include'
infodir='${datarootdir}/info'
libdir='${exec_prefix}/lib'
libexecdir='${exec_prefix}/libexec'
localedir='${datarootdir}/locale'
localstatedir='${prefix}/var'
mandir='${datarootdir}/man'
oldincludedir='/usr/include'
pdfdir='${docdir}'
prefix='/usr/local'
program_transform_name='s,x,x,'
psdir='${docdir}'
sbindir='${exec_prefix}/sbin'
sharedstatedir='${prefix}/com'
sysconfdir='${prefix}/etc'
target_alias=''

## ----------- ##
## confdefs.h. ##
## ----------- ##

#define PACKAGE_NAME ""
#define PACKAGE_TARNAME ""
#define PACKAGE_VERSION ""
#define PACKAGE_STRING ""
#define PACKAGE_BUGREPORT ""
#define MXML_VERSION "Mini-XML v2.6"
#define HAVE_STRDUP 1
#define HAVE_SNPRINTF 1
#define HAVE_VSNPRINTF 1
#define HAVE_LONG_LONG 1

configure: exit 0
